<?xml version="1.0" encoding="UTF-8"?>
<testsuite xmlns:xsi="http://www.w3.org/2001/XMLSchema-instance" xsi:noNamespaceSchemaLocation="https://maven.apache.org/surefire/maven-surefire-plugin/xsd/surefire-test-report.xsd" name="de.htwberlin.kbe.gruppe7.MauMauSpiel.impl.KartenServieImplTest" time="0.011" tests="1" errors="1" skipped="0" failures="0">
  <properties>
[...]
</properties>
  <testcase name="de.htwberlin.kbe.gruppe7.MauMauSpiel.impl.KartenServieImplTest" classname="de.htwberlin.kbe.gruppe7.MauMauSpiel.impl.KartenServieImplTest" time="0.008">
    <error message="@BeforeAll method &apos;public void de.htwberlin.kbe.gruppe7.MauMauSpiel.impl.KartenServieImplTest.setUp()&apos; must be static unless the test class is annotated with @TestInstance(Lifecycle.PER_CLASS)." type="org.junit.platform.commons.JUnitException">org.junit.platform.commons.JUnitException: @BeforeAll method 'public void de.htwberlin.kbe.gruppe7.MauMauSpiel.impl.KartenServieImplTest.setUp()' must be static unless the test class is annotated with @TestInstance(Lifecycle.PER_CLASS).
</error>
  </testcase>
</testsuite>